<?xml version="1.0" encoding="UTF-8"?>
<testng-results ignored="0" total="1" passed="1" failed="0" skipped="0">
  <reporter-output>
  </reporter-output>
  <suite started-at="2021-12-09T09:43:49 IST" name="Surefire suite" finished-at="2021-12-09T09:43:49 IST" duration-ms="85">
    <groups>
    </groups>
    <test started-at="2021-12-09T09:43:49 IST" name="Surefire test" finished-at="2021-12-09T09:43:49 IST" duration-ms="85">
      <class name="com.cisco.phase_3project.AppTest">
        <test-method signature="shouldAnswerWithTrue()" started-at="2021-12-09T09:43:49 IST" name="shouldAnswerWithTrue" finished-at="2021-12-09T09:43:49 IST" duration-ms="14" status="PASS">
          <reporter-output>
          </reporter-output>
        </test-method> <!-- shouldAnswerWithTrue -->
      </class> <!-- com.cisco.phase_3project.AppTest -->
    </test> <!-- Surefire test -->
  </suite> <!-- Surefire suite -->
</testng-results>
