<?xml version="1.0" encoding="UTF-8"?>
<testng-results ignored="0" total="1" passed="1" failed="0" skipped="0">
  <reporter-output>
  </reporter-output>
  <suite started-at="2021-12-09T11:38:50 IST" name="Default suite" finished-at="2021-12-09T11:38:53 IST" duration-ms="3086">
    <groups>
    </groups>
    <test started-at="2021-12-09T11:38:50 IST" name="Default test" finished-at="2021-12-09T11:38:53 IST" duration-ms="3086">
      <class name="restAssured.project.PostTest">
        <test-method is-config="true" signature="setUp()[pri:0, instance:restAssured.project.PostTest@66f57048]" started-at="2021-12-09T11:38:50 IST" name="setUp" finished-at="2021-12-09T11:38:50 IST" duration-ms="92" status="PASS">
          <reporter-output>
          </reporter-output>
        </test-method> <!-- setUp -->
        <test-method is-config="true" signature="createWithPost()[pri:0, instance:restAssured.project.PostTest@66f57048]" started-at="2021-12-09T11:38:50 IST" name="createWithPost" finished-at="2021-12-09T11:38:50 IST" duration-ms="422" status="PASS">
          <reporter-output>
          </reporter-output>
        </test-method> <!-- createWithPost -->
        <test-method signature="createResourcePost()[pri:0, instance:restAssured.project.PostTest@66f57048]" started-at="2021-12-09T11:38:50 IST" name="createResourcePost" finished-at="2021-12-09T11:38:53 IST" duration-ms="2527" status="PASS">
          <reporter-output>
          </reporter-output>
        </test-method> <!-- createResourcePost -->
      </class> <!-- restAssured.project.PostTest -->
    </test> <!-- Default test -->
  </suite> <!-- Default suite -->
</testng-results>
